2026-01-26T21:11:36.321+05:30  INFO 7540 --- [restartedMain] c.f.api.SpringbootApiApplication         : Starting SpringbootApiApplication using Java 21.0.7 with PID 7540 (C:\Temp\forkandflames-api\springboot-api\target\classes started by Kiran in C:\Temp\forkandflames-api\springboot-api)
2026-01-26T21:11:36.321+05:30  INFO 7540 --- [restartedMain] c.f.api.SpringbootApiApplication         : No active profile set, falling back to 1 default profile: "default"
2026-01-26T21:11:36.387+05:30  INFO 7540 --- [restartedMain] .e.DevToolsPropertyDefaultsPostProcessor : Devtools property defaults active! Set 'spring.devtools.add-properties' to 'false' to disable
2026-01-26T21:11:36.402+05:30  INFO 7540 --- [restartedMain] .e.DevToolsPropertyDefaultsPostProcessor : For additional web related logging consider setting the 'logging.level.web' property to 'DEBUG'
2026-01-26T21:11:36.978+05:30  INFO 7540 --- [restartedMain] .s.d.r.c.RepositoryConfigurationDelegate : Bootstrapping Spring Data JPA repositories in DEFAULT mode.
2026-01-26T21:11:37.046+05:30  INFO 7540 --- [restartedMain] .s.d.r.c.RepositoryConfigurationDelegate : Finished Spring Data repository scanning in 57 ms. Found 3 JPA repository interfaces.
2026-01-26T21:11:37.558+05:30  INFO 7540 --- [restartedMain] o.s.b.w.embedded.tomcat.TomcatWebServer  : Tomcat initialized with port 8080 (http)
2026-01-26T21:11:37.568+05:30  INFO 7540 --- [restartedMain] o.apache.catalina.core.StandardService   : Starting service [Tomcat]
2026-01-26T21:11:37.569+05:30  INFO 7540 --- [restartedMain] o.apache.catalina.core.StandardEngine    : Starting Servlet engine: [Apache Tomcat/10.1.16]
2026-01-26T21:11:37.612+05:30  INFO 7540 --- [restartedMain] o.a.c.c.C.[Tomcat].[localhost].[/]       : Initializing Spring embedded WebApplicationContext
2026-01-26T21:11:37.612+05:30  INFO 7540 --- [restartedMain] w.s.c.ServletWebServerApplicationContext : Root WebApplicationContext: initialization completed in 1209 ms
2026-01-26T21:11:37.745+05:30  INFO 7540 --- [restartedMain] o.hibernate.jpa.internal.util.LogHelper  : HHH000204: Processing PersistenceUnitInfo [name: default]
2026-01-26T21:11:37.779+05:30  INFO 7540 --- [restartedMain] org.hibernate.Version                    : HHH000412: Hibernate ORM core version 6.3.1.Final
2026-01-26T21:11:37.813+05:30  INFO 7540 --- [restartedMain] o.h.c.internal.RegionFactoryInitiator    : HHH000026: Second-level cache disabled
2026-01-26T21:11:38.013+05:30  INFO 7540 --- [restartedMain] o.s.o.j.p.SpringPersistenceUnitInfo      : No LoadTimeWeaver setup: ignoring JPA class transformer
2026-01-26T21:11:38.031+05:30  INFO 7540 --- [restartedMain] com.zaxxer.hikari.HikariDataSource       : HikariPool-1 - Starting...
2026-01-26T21:11:38.353+05:30  INFO 7540 --- [restartedMain] com.zaxxer.hikari.pool.HikariPool        : HikariPool-1 - Added connection com.mysql.cj.jdbc.ConnectionImpl@1a03b1e5
2026-01-26T21:11:38.355+05:30  INFO 7540 --- [restartedMain] com.zaxxer.hikari.HikariDataSource       : HikariPool-1 - Start completed.
2026-01-26T21:11:38.398+05:30  WARN 7540 --- [restartedMain] org.hibernate.orm.deprecation            : HHH90000025: MySQLDialect does not need to be specified explicitly using 'hibernate.dialect' (remove the property setting and it will be selected by default)
2026-01-26T21:11:39.193+05:30  INFO 7540 --- [restartedMain] o.h.e.t.j.p.i.JtaPlatformInitiator       : HHH000489: No JTA platform available (set 'hibernate.transaction.jta.platform' to enable JTA platform integration)
2026-01-26T21:11:39.278+05:30  INFO 7540 --- [restartedMain] j.LocalContainerEntityManagerFactoryBean : Initialized JPA EntityManagerFactory for persistence unit 'default'
2026-01-26T21:11:39.549+05:30  WARN 7540 --- [restartedMain] JpaBaseConfiguration$JpaWebConfiguration : spring.jpa.open-in-view is enabled by default. Therefore, database queries may be performed during view rendering. Explicitly configure spring.jpa.open-in-view to disable this warning
2026-01-26T21:11:39.813+05:30  INFO 7540 --- [restartedMain] o.s.b.d.a.OptionalLiveReloadServer       : LiveReload server is running on port 35729
2026-01-26T21:11:39.834+05:30  INFO 7540 --- [restartedMain] o.s.b.w.embedded.tomcat.TomcatWebServer  : Tomcat started on port 8080 (http) with context path ''
2026-01-26T21:11:39.846+05:30  INFO 7540 --- [restartedMain] c.f.api.SpringbootApiApplication         : Started SpringbootApiApplication in 3.974 seconds (process running for 4.408)
2026-01-26T21:12:13.874+05:30  INFO 7540 --- [http-nio-8080-exec-1] o.a.c.c.C.[Tomcat].[localhost].[/]       : Initializing Spring DispatcherServlet 'dispatcherServlet'
2026-01-26T21:12:13.874+05:30  INFO 7540 --- [http-nio-8080-exec-1] o.s.web.servlet.DispatcherServlet        : Initializing Servlet 'dispatcherServlet'
2026-01-26T21:12:13.877+05:30  INFO 7540 --- [http-nio-8080-exec-1] o.s.web.servlet.DispatcherServlet        : Completed initialization in 2 ms
2026-01-26T21:12:43.667+05:30  INFO 7540 --- [http-nio-8080-exec-6] c.f.api.controller.UserController        : Login attempt: email=admin@gathergraze.com, password=admin123
2026-01-26T21:12:43.695+05:30  INFO 7540 --- [http-nio-8080-exec-6] c.f.api.controller.UserController        : Found user: email=admin@gathergraze.com, password=admin123, role=admin
